[debug] [2021-11-20T17:07:35.969Z] ----------------------------------------------------------------------
[debug] [2021-11-20T17:07:35.971Z] Command:       C:\Program Files\nodejs\node.exe C:\Users\Raphael\AppData\Roaming\npm\node_modules\firebase-tools\lib\bin\firebase.js deploy --only functions
[debug] [2021-11-20T17:07:35.972Z] CLI Version:   9.23.0
[debug] [2021-11-20T17:07:35.972Z] Platform:      win32
[debug] [2021-11-20T17:07:35.972Z] Node Version:  v16.13.0
[debug] [2021-11-20T17:07:35.984Z] Time:          Sat Nov 20 2021 14:07:35 GMT-0300 (Horário Padrão de Brasília)
[debug] [2021-11-20T17:07:35.985Z] ----------------------------------------------------------------------
[debug] 
[debug] [2021-11-20T17:07:36.033Z] > command requires scopes: ["email","openid","https://www.googleapis.com/auth/cloudplatformprojects.readonly","https://www.googleapis.com/auth/firebase","https://www.googleapis.com/auth/cloud-platform"]
[debug] [2021-11-20T17:07:36.033Z] > authorizing via signed-in user (raph.fusion@gmail.com)
[debug] [2021-11-20T17:07:36.033Z] [iam] checking project home-dbb7e for permissions ["cloudfunctions.functions.create","cloudfunctions.functions.delete","cloudfunctions.functions.get","cloudfunctions.functions.list","cloudfunctions.functions.update","cloudfunctions.operations.get","firebase.projects.get"]
[debug] [2021-11-20T17:07:36.035Z] > refreshing access token with scopes: ["email","https://www.googleapis.com/auth/cloud-platform","https://www.googleapis.com/auth/cloudplatformprojects.readonly","https://www.googleapis.com/auth/firebase","openid"]
[debug] [2021-11-20T17:07:36.036Z] >>> HTTP REQUEST POST https://www.googleapis.com/oauth2/v3/token  
 <request body omitted>
[debug] [2021-11-20T17:07:36.423Z] <<< HTTP RESPONSE 200 {"cache-control":"no-cache, no-store, max-age=0, must-revalidate","expires":"Mon, 01 Jan 1990 00:00:00 GMT","date":"Sat, 20 Nov 2021 17:07:36 GMT","pragma":"no-cache","content-type":"application/json; charset=utf-8","vary":"X-Origin, Referer, Origin,Accept-Encoding","server":"scaffolding on HTTPServer2","x-xss-protection":"0","x-frame-options":"SAMEORIGIN","x-content-type-options":"nosniff","alt-svc":"h3=\":443\"; ma=2592000,h3-29=\":443\"; ma=2592000,h3-Q050=\":443\"; ma=2592000,h3-Q046=\":443\"; ma=2592000,h3-Q043=\":443\"; ma=2592000,quic=\":443\"; ma=2592000; v=\"46,43\"","accept-ranges":"none","transfer-encoding":"chunked"}
[debug] [2021-11-20T17:07:36.441Z] >>> HTTP REQUEST POST https://cloudresourcemanager.googleapis.com/v1/projects/home-dbb7e:testIamPermissions  
 {"permissions":["cloudfunctions.functions.create","cloudfunctions.functions.delete","cloudfunctions.functions.get","cloudfunctions.functions.list","cloudfunctions.functions.update","cloudfunctions.operations.get","firebase.projects.get"]}
[debug] [2021-11-20T17:07:38.562Z] <<< HTTP RESPONSE 200 {"content-type":"application/json; charset=UTF-8","vary":"X-Origin, Referer, Origin,Accept-Encoding","date":"Sat, 20 Nov 2021 17:07:38 GMT","server":"ESF","cache-control":"private","x-xss-protection":"0","x-frame-options":"SAMEORIGIN","x-content-type-options":"nosniff","server-timing":"gfet4t7; dur=728","alt-svc":"h3=\":443\"; ma=2592000,h3-29=\":443\"; ma=2592000,h3-Q050=\":443\"; ma=2592000,h3-Q046=\":443\"; ma=2592000,h3-Q043=\":443\"; ma=2592000,quic=\":443\"; ma=2592000; v=\"46,43\"","accept-ranges":"none","transfer-encoding":"chunked"}
[debug] [2021-11-20T17:07:38.564Z] >>> HTTP REQUEST POST https://iam.googleapis.com/v1/projects/home-dbb7e/serviceAccounts/home-dbb7e@appspot.gserviceaccount.com:testIamPermissions  
 {"permissions":["iam.serviceAccounts.actAs"]}
[debug] [2021-11-20T17:07:39.592Z] <<< HTTP RESPONSE 200 {"content-type":"application/json; charset=UTF-8","vary":"X-Origin, Referer, Origin,Accept-Encoding","date":"Sat, 20 Nov 2021 17:07:39 GMT","server":"ESF","cache-control":"private","x-xss-protection":"0","x-frame-options":"SAMEORIGIN","x-content-type-options":"nosniff","alt-svc":"h3=\":443\"; ma=2592000,h3-29=\":443\"; ma=2592000,h3-Q050=\":443\"; ma=2592000,h3-Q046=\":443\"; ma=2592000,h3-Q043=\":443\"; ma=2592000,quic=\":443\"; ma=2592000; v=\"46,43\"","accept-ranges":"none","transfer-encoding":"chunked"}
[info] 
[info] === Deploying to 'home-dbb7e'...
[info] 
[info] i  deploying functions 
[info] Running command: npm --prefix "$RESOURCE_DIR" run lint
[info] Running command: npm --prefix "$RESOURCE_DIR" run build
[info] +  functions: Finished running predeploy script. 
[debug] [2021-11-20T17:07:51.257Z] Validating nodejs source
[debug] [2021-11-20T17:07:54.347Z] > [functions] package.json contents: {
  "name": "functions",
  "scripts": {
    "lint": "eslint --ext .js,.ts .",
    "build": "tsc",
    "serve": "npm run build && firebase emulators:start --only functions",
    "shell": "npm run build && firebase functions:shell",
    "start": "npm run shell",
    "deploy": "firebase deploy --only functions",
    "logs": "firebase functions:log"
  },
  "engines": {
    "node": "16"
  },
  "main": "lib/index.js",
  "dependencies": {
    "firebase-admin": "^9.8.0",
    "firebase-functions": "^3.16.0"
  },
  "devDependencies": {
    "@typescript-eslint/eslint-plugin": "^3.9.1",
    "@typescript-eslint/parser": "^3.8.0",
    "eslint": "^7.6.0",
    "eslint-config-google": "^0.14.0",
    "eslint-plugin-import": "^2.22.0",
    "firebase-functions-test": "^0.2.0",
    "typescript": "^3.8.0"
  },
  "private": true
}
[debug] [2021-11-20T17:07:54.347Z] Building nodejs source
[info] i  functions: ensuring required API cloudfunctions.googleapis.com is enabled... 
[info] i  functions: ensuring required API cloudbuild.googleapis.com is enabled... 
[info] i  functions: ensuring required API artifactregistry.googleapis.com is enabled... 
[debug] [2021-11-20T17:07:54.350Z] >>> HTTP REQUEST GET https://serviceusage.googleapis.com/v1/projects/home-dbb7e/services/cloudfunctions.googleapis.com  
 
[debug] [2021-11-20T17:07:54.350Z] >>> HTTP REQUEST GET https://serviceusage.googleapis.com/v1/projects/home-dbb7e/services/runtimeconfig.googleapis.com  
 
[debug] [2021-11-20T17:07:54.351Z] >>> HTTP REQUEST GET https://serviceusage.googleapis.com/v1/projects/home-dbb7e/services/cloudbuild.googleapis.com  
 
[debug] [2021-11-20T17:07:54.351Z] >>> HTTP REQUEST GET https://serviceusage.googleapis.com/v1/projects/home-dbb7e/services/artifactregistry.googleapis.com  
 
[debug] [2021-11-20T17:07:55.678Z] <<< HTTP RESPONSE 200 {"content-type":"application/json; charset=UTF-8","vary":"X-Origin, Referer, Origin,Accept-Encoding","date":"Sat, 20 Nov 2021 17:07:55 GMT","server":"ESF","cache-control":"private","x-xss-protection":"0","x-frame-options":"SAMEORIGIN","x-content-type-options":"nosniff","alt-svc":"h3=\":443\"; ma=2592000,h3-29=\":443\"; ma=2592000,h3-Q050=\":443\"; ma=2592000,h3-Q046=\":443\"; ma=2592000,h3-Q043=\":443\"; ma=2592000,quic=\":443\"; ma=2592000; v=\"46,43\"","accept-ranges":"none","transfer-encoding":"chunked"}
[debug] [2021-11-20T17:07:55.755Z] <<< HTTP RESPONSE 200 {"content-type":"application/json; charset=UTF-8","vary":"X-Origin, Referer, Origin,Accept-Encoding","date":"Sat, 20 Nov 2021 17:07:55 GMT","server":"ESF","cache-control":"private","x-xss-protection":"0","x-frame-options":"SAMEORIGIN","x-content-type-options":"nosniff","alt-svc":"h3=\":443\"; ma=2592000,h3-29=\":443\"; ma=2592000,h3-Q050=\":443\"; ma=2592000,h3-Q046=\":443\"; ma=2592000,h3-Q043=\":443\"; ma=2592000,quic=\":443\"; ma=2592000; v=\"46,43\"","accept-ranges":"none","transfer-encoding":"chunked"}
[info] +  functions: required API artifactregistry.googleapis.com is enabled 
[debug] [2021-11-20T17:07:55.777Z] <<< HTTP RESPONSE 200 {"content-type":"application/json; charset=UTF-8","vary":"X-Origin, Referer, Origin,Accept-Encoding","date":"Sat, 20 Nov 2021 17:07:55 GMT","server":"ESF","cache-control":"private","x-xss-protection":"0","x-frame-options":"SAMEORIGIN","x-content-type-options":"nosniff","alt-svc":"h3=\":443\"; ma=2592000,h3-29=\":443\"; ma=2592000,h3-Q050=\":443\"; ma=2592000,h3-Q046=\":443\"; ma=2592000,h3-Q043=\":443\"; ma=2592000,quic=\":443\"; ma=2592000; v=\"46,43\"","accept-ranges":"none","transfer-encoding":"chunked"}
[info] +  functions: required API cloudbuild.googleapis.com is enabled 
[debug] [2021-11-20T17:07:55.803Z] <<< HTTP RESPONSE 200 {"content-type":"application/json; charset=UTF-8","vary":"X-Origin, Referer, Origin,Accept-Encoding","date":"Sat, 20 Nov 2021 17:07:55 GMT","server":"ESF","cache-control":"private","x-xss-protection":"0","x-frame-options":"SAMEORIGIN","x-content-type-options":"nosniff","alt-svc":"h3=\":443\"; ma=2592000,h3-29=\":443\"; ma=2592000,h3-Q050=\":443\"; ma=2592000,h3-Q046=\":443\"; ma=2592000,h3-Q043=\":443\"; ma=2592000,quic=\":443\"; ma=2592000; v=\"46,43\"","accept-ranges":"none","transfer-encoding":"chunked"}
[info] +  functions: required API cloudfunctions.googleapis.com is enabled 
[debug] [2021-11-20T17:07:55.804Z] >>> HTTP REQUEST GET https://firebase.googleapis.com/v1beta1/projects/home-dbb7e/adminSdkConfig  
 
[debug] [2021-11-20T17:07:57.059Z] <<< HTTP RESPONSE 200 {"content-type":"application/json; charset=UTF-8","vary":"X-Origin, Referer, Origin,Accept-Encoding","date":"Sat, 20 Nov 2021 17:07:56 GMT","server":"ESF","cache-control":"private","x-xss-protection":"0","x-frame-options":"SAMEORIGIN","x-content-type-options":"nosniff","alt-svc":"h3=\":443\"; ma=2592000,h3-29=\":443\"; ma=2592000,h3-Q050=\":443\"; ma=2592000,h3-Q046=\":443\"; ma=2592000,h3-Q043=\":443\"; ma=2592000,quic=\":443\"; ma=2592000; v=\"46,43\"","accept-ranges":"none","transfer-encoding":"chunked"}
[debug] [2021-11-20T17:07:57.059Z] >>> HTTP REQUEST GET https://runtimeconfig.googleapis.com/v1beta1/projects/home-dbb7e/configs  
 
[debug] [2021-11-20T17:07:57.618Z] <<< HTTP RESPONSE 200 {"content-type":"application/json; charset=UTF-8","vary":"X-Origin, Referer, Origin,Accept-Encoding","date":"Sat, 20 Nov 2021 17:07:57 GMT","server":"ESF","cache-control":"private","x-xss-protection":"0","x-frame-options":"SAMEORIGIN","x-content-type-options":"nosniff","alt-svc":"h3=\":443\"; ma=2592000,h3-29=\":443\"; ma=2592000,h3-Q050=\":443\"; ma=2592000,h3-Q046=\":443\"; ma=2592000,h3-Q043=\":443\"; ma=2592000,quic=\":443\"; ma=2592000; v=\"46,43\"","accept-ranges":"none","transfer-encoding":"chunked"}
[debug] [2021-11-20T17:07:57.967Z] Analyzing nodejs backend spec
[info] i  functions: preparing functions directory for uploading... 
[info] i  functions: packaged functions (89.87 KB) for uploading 
[debug] [2021-11-20T17:07:58.143Z] >>> HTTP REQUEST GET https://cloudfunctions.googleapis.com/v1/projects/home-dbb7e/locations/-/functions  
 
[debug] [2021-11-20T17:08:00.419Z] <<< HTTP RESPONSE 200 {"content-type":"application/json; charset=UTF-8","vary":"X-Origin, Referer, Origin,Accept-Encoding","date":"Sat, 20 Nov 2021 17:08:00 GMT","server":"ESF","cache-control":"private","x-xss-protection":"0","x-frame-options":"SAMEORIGIN","x-content-type-options":"nosniff","alt-svc":"h3=\":443\"; ma=2592000,h3-29=\":443\"; ma=2592000,h3-Q050=\":443\"; ma=2592000,h3-Q046=\":443\"; ma=2592000,h3-Q043=\":443\"; ma=2592000,quic=\":443\"; ma=2592000; v=\"46,43\"","accept-ranges":"none","transfer-encoding":"chunked"}
[debug] [2021-11-20T17:08:00.420Z] GCFv1 function has a deprecated runtime: {
  "name": "projects/home-dbb7e/locations/southamerica-east1/functions/hello-world",
  "httpsTrigger": {
    "url": "https://southamerica-east1-home-dbb7e.cloudfunctions.net/hello-world",
    "securityLevel": "SECURE_OPTIONAL"
  },
  "status": "ACTIVE",
  "entryPoint": "hello_world",
  "timeout": "60s",
  "availableMemoryMb": 256,
  "serviceAccountEmail": "home-dbb7e@appspot.gserviceaccount.com",
  "updateTime": "2021-08-21T01:21:13.842Z",
  "versionId": "1",
  "labels": {
    "deployment-tool": "console-cloud"
  },
  "sourceUploadUrl": "https://storage.googleapis.com/gcf-upload-southamerica-ea-fd17d81c-fc87-4ec3-8794-7ce24577280d/d4628b49-ea10-40e8-aacf-36d708bbb14e.zip",
  "runtime": "python39",
  "ingressSettings": "ALLOW_ALL",
  "buildId": "d843be29-3052-4f81-837f-179dd58f42c0",
  "buildName": "projects/858269029086/locations/southamerica-east1/builds/d843be29-3052-4f81-837f-179dd58f42c0"
}
[debug] [2021-11-20T17:08:00.421Z] >>> HTTP REQUEST POST https://cloudfunctions.googleapis.com/v1/projects/home-dbb7e/locations/us-central1/functions:generateUploadUrl  
 
[debug] [2021-11-20T17:08:01.653Z] <<< HTTP RESPONSE 200 {"content-type":"application/json; charset=UTF-8","vary":"X-Origin, Referer, Origin,Accept-Encoding","date":"Sat, 20 Nov 2021 17:08:01 GMT","server":"ESF","cache-control":"private","x-xss-protection":"0","x-frame-options":"SAMEORIGIN","x-content-type-options":"nosniff","alt-svc":"h3=\":443\"; ma=2592000,h3-29=\":443\"; ma=2592000,h3-Q050=\":443\"; ma=2592000,h3-Q046=\":443\"; ma=2592000,h3-Q043=\":443\"; ma=2592000,quic=\":443\"; ma=2592000; v=\"46,43\"","accept-ranges":"none","transfer-encoding":"chunked"}
[debug] [2021-11-20T17:08:01.656Z] >>> HTTP REQUEST PUT https://storage.googleapis.com/gcf-upload-us-central1-492dbe61-814b-497c-93d7-525d42cb2d91/0855d810-f1a8-4428-a5a5-ba9cc9ad5a90.zip?GoogleAccessId=service-858269029086@gcf-admin-robot.iam.gserviceaccount.com&Expires=1637429881&Signature=WmtxodzTMh7W%2F38IQZAQYav6veiLhQeGOq255r9vF%2Fe3aPsTpvg8Y4viNQXnktgR99Q0SUfZlxOWdzDbdO1Exv6hfu1MhKOXk8CdBvJVbBJcvMfLJyWn0o2g2NRmbzrA4ye4NLn5TTuhiI21XfH6O3YvMVBm8UESbbU2%2FSekzYEhZYHyJ8vGzRLsjJUA1rJ5uvtXRM3mE%2FecBwHbbo3aAOg29jHrxwM1OBbv5BU3wXln7B%2Fl4IsFD0j%2Ftutuz2%2B56c46VxoyDC%2F4kSUooCDRjVq1XDK8h%2BY6Ni0YO8KTUoGZH22RRetmdzzT5YHxEzAPzCaA3y3Xo8jSQLUQmuB%2FiQ%3D%3D  
 <request body omitted>
[debug] [2021-11-20T17:08:02.461Z] <<< HTTP RESPONSE 200 {"x-guploader-uploadid":"ADPycdvGQXDgpTXDxJTEPxL-h9wQD7KcxaAUryeebyeIu-QbCqiGYxqNNziLh_J7aRh8xMX6ktdVAY9WioZe4D2hy2CcBSgcRA","etag":"\"38703af7825c2647a76a7c8f68e384de\"","x-goog-generation":"1637428082409214","x-goog-metageneration":"1","x-goog-hash":"crc32c=wQlDKA==, md5=OHA694JcJkenanyPaOOE3g==","x-goog-stored-content-length":"92031","x-goog-stored-content-encoding":"identity","vary":"Origin","content-length":"0","date":"Sat, 20 Nov 2021 17:08:02 GMT","server":"UploadServer","content-type":"text/html; charset=UTF-8","alt-svc":"h3=\":443\"; ma=2592000,h3-29=\":443\"; ma=2592000,h3-Q050=\":443\"; ma=2592000,h3-Q046=\":443\"; ma=2592000,h3-Q043=\":443\"; ma=2592000,quic=\":443\"; ma=2592000; v=\"46,43\""}
[info] +  functions: functions folder uploaded successfully 
[info] i  functions: updating Node.js 16 function createDeviceLog(us-central1)... 
[debug] [2021-11-20T17:08:02.466Z] >>> HTTP REQUEST PATCH https://cloudfunctions.googleapis.com/v1/projects/home-dbb7e/locations/us-central1/functions/createDeviceLog {"updateMask":"name,sourceUploadUrl,entryPoint,runtime,labels,eventTrigger.eventType,eventTrigger.resource,eventTrigger.failurePolicy,availableMemoryMb,environmentVariables,sourceToken"} 
 {"name":"projects/home-dbb7e/locations/us-central1/functions/createDeviceLog","sourceUploadUrl":"https://storage.googleapis.com/gcf-upload-us-central1-492dbe61-814b-497c-93d7-525d42cb2d91/0855d810-f1a8-4428-a5a5-ba9cc9ad5a90.zip?GoogleAccessId=service-858269029086@gcf-admin-robot.iam.gserviceaccount.com&Expires=1637429881&Signature=WmtxodzTMh7W%2F38IQZAQYav6veiLhQeGOq255r9vF%2Fe3aPsTpvg8Y4viNQXnktgR99Q0SUfZlxOWdzDbdO1Exv6hfu1MhKOXk8CdBvJVbBJcvMfLJyWn0o2g2NRmbzrA4ye4NLn5TTuhiI21XfH6O3YvMVBm8UESbbU2%2FSekzYEhZYHyJ8vGzRLsjJUA1rJ5uvtXRM3mE%2FecBwHbbo3aAOg29jHrxwM1OBbv5BU3wXln7B%2Fl4IsFD0j%2Ftutuz2%2B56c46VxoyDC%2F4kSUooCDRjVq1XDK8h%2BY6Ni0YO8KTUoGZH22RRetmdzzT5YHxEzAPzCaA3y3Xo8jSQLUQmuB%2FiQ%3D%3D","entryPoint":"createDeviceLog","runtime":"nodejs16","labels":{"deployment-tool":"cli-firebase"},"eventTrigger":{"eventType":"providers/cloud.firestore/eventTypes/document.update","resource":"projects/home-dbb7e/databases/(default)/documents/{maybe}/{somedoc}/sections/{section}/devices/{device}"},"availableMemoryMb":256,"environmentVariables":{"FIREBASE_CONFIG":"{\"projectId\":\"home-dbb7e\",\"storageBucket\":\"home-dbb7e.appspot.com\",\"locationId\":\"southamerica-east1\"}","GCLOUD_PROJECT":"home-dbb7e"}}
[debug] [2021-11-20T17:08:03.216Z] <<< HTTP RESPONSE 200 {"content-type":"application/json; charset=UTF-8","vary":"X-Origin, Referer, Origin,Accept-Encoding","date":"Sat, 20 Nov 2021 17:08:03 GMT","server":"ESF","cache-control":"private","x-xss-protection":"0","x-frame-options":"SAMEORIGIN","x-content-type-options":"nosniff","alt-svc":"h3=\":443\"; ma=2592000,h3-29=\":443\"; ma=2592000,h3-Q050=\":443\"; ma=2592000,h3-Q046=\":443\"; ma=2592000,h3-Q043=\":443\"; ma=2592000,quic=\":443\"; ma=2592000; v=\"46,43\"","accept-ranges":"none","transfer-encoding":"chunked"}
[debug] [2021-11-20T17:08:03.217Z] > refreshing access token with scopes: []
[debug] [2021-11-20T17:08:03.217Z] >>> HTTP REQUEST POST https://www.googleapis.com/oauth2/v3/token  
 <request body omitted>
[debug] [2021-11-20T17:08:03.557Z] <<< HTTP RESPONSE 200 {"date":"Sat, 20 Nov 2021 17:08:03 GMT","cache-control":"no-cache, no-store, max-age=0, must-revalidate","expires":"Mon, 01 Jan 1990 00:00:00 GMT","pragma":"no-cache","content-type":"application/json; charset=utf-8","vary":"X-Origin, Referer, Origin,Accept-Encoding","server":"scaffolding on HTTPServer2","x-xss-protection":"0","x-frame-options":"SAMEORIGIN","x-content-type-options":"nosniff","alt-svc":"h3=\":443\"; ma=2592000,h3-29=\":443\"; ma=2592000,h3-Q050=\":443\"; ma=2592000,h3-Q046=\":443\"; ma=2592000,h3-Q043=\":443\"; ma=2592000,quic=\":443\"; ma=2592000; v=\"46,43\"","accept-ranges":"none","transfer-encoding":"chunked"}
[debug] [2021-11-20T17:08:03.563Z] >>> [apiv2][query] GET https://cloudfunctions.googleapis.com/v1/operations/aG9tZS1kYmI3ZS91cy1jZW50cmFsMS9jcmVhdGVEZXZpY2VMb2cvNF9vSTNzcllFQlE [none]
[debug] [2021-11-20T17:08:04.245Z] <<< [apiv2][status] GET https://cloudfunctions.googleapis.com/v1/operations/aG9tZS1kYmI3ZS91cy1jZW50cmFsMS9jcmVhdGVEZXZpY2VMb2cvNF9vSTNzcllFQlE 200
[debug] [2021-11-20T17:08:04.246Z] <<< [apiv2][body] GET https://cloudfunctions.googleapis.com/v1/operations/aG9tZS1kYmI3ZS91cy1jZW50cmFsMS9jcmVhdGVEZXZpY2VMb2cvNF9vSTNzcllFQlE {"name":"operations/aG9tZS1kYmI3ZS91cy1jZW50cmFsMS9jcmVhdGVEZXZpY2VMb2cvNF9vSTNzcllFQlE","metadata":{"@type":"type.googleapis.com/google.cloud.functions.v1.OperationMetadataV1","target":"projects/home-dbb7e/locations/us-central1/functions/createDeviceLog","type":"UPDATE_FUNCTION","request":{"@type":"type.googleapis.com/google.cloud.functions.v1.CloudFunction","name":"projects/home-dbb7e/locations/us-central1/functions/createDeviceLog","eventTrigger":{"eventType":"providers/cloud.firestore/eventTypes/document.update","resource":"projects/home-dbb7e/databases/(default)/documents/{maybe}/{somedoc}/sections/{section}/devices/{device}","service":"firestore.googleapis.com"},"status":"ACTIVE","entryPoint":"createDeviceLog","timeout":"60s","availableMemoryMb":256,"serviceAccountEmail":"home-dbb7e@appspot.gserviceaccount.com","updateTime":"2021-11-20T17:05:59.647Z","versionId":"6","labels":{"deployment-tool":"cli-firebase"},"sourceUploadUrl":"https://storage.googleapis.com/gcf-upload-us-central1-492dbe61-814b-497c-93d7-525d42cb2d91/0855d810-f1a8-4428-a5a5-ba9cc9ad5a90.zip?GoogleAccessId=service-858269029086@gcf-admin-robot.iam.gserviceaccount.com&Expires=1637429881&Signature=WmtxodzTMh7W%2F38IQZAQYav6veiLhQeGOq255r9vF%2Fe3aPsTpvg8Y4viNQXnktgR99Q0SUfZlxOWdzDbdO1Exv6hfu1MhKOXk8CdBvJVbBJcvMfLJyWn0o2g2NRmbzrA4ye4NLn5TTuhiI21XfH6O3YvMVBm8UESbbU2%2FSekzYEhZYHyJ8vGzRLsjJUA1rJ5uvtXRM3mE%2FecBwHbbo3aAOg29jHrxwM1OBbv5BU3wXln7B%2Fl4IsFD0j%2Ftutuz2%2B56c46VxoyDC%2F4kSUooCDRjVq1XDK8h%2BY6Ni0YO8KTUoGZH22RRetmdzzT5YHxEzAPzCaA3y3Xo8jSQLUQmuB%2FiQ%3D%3D","environmentVariables":{"FIREBASE_CONFIG":"{\"projectId\":\"home-dbb7e\",\"storageBucket\":\"home-dbb7e.appspot.com\",\"locationId\":\"southamerica-east1\"}","GCLOUD_PROJECT":"home-dbb7e"},"runtime":"nodejs16","ingressSettings":"ALLOW_ALL","buildId":"e1efd02f-787e-457b-b668-69286122303b","buildName":"projects/858269029086/locations/us-central1/builds/e1efd02f-787e-457b-b668-69286122303b"},"versionId":"7","updateTime":"2021-11-20T17:08:03Z","buildId":"ce693c01-c3fb-4dee-ba30-e76203e52491","buildName":"projects/858269029086/locations/us-central1/builds/ce693c01-c3fb-4dee-ba30-e76203e52491"}}
[debug] [2021-11-20T17:08:04.746Z] [update-us-central1-createDeviceLog] Retrying task index 0
[debug] [2021-11-20T17:08:04.747Z] >>> [apiv2][query] GET https://cloudfunctions.googleapis.com/v1/operations/aG9tZS1kYmI3ZS91cy1jZW50cmFsMS9jcmVhdGVEZXZpY2VMb2cvNF9vSTNzcllFQlE [none]
[debug] [2021-11-20T17:08:05.659Z] <<< [apiv2][status] GET https://cloudfunctions.googleapis.com/v1/operations/aG9tZS1kYmI3ZS91cy1jZW50cmFsMS9jcmVhdGVEZXZpY2VMb2cvNF9vSTNzcllFQlE 200
[debug] [2021-11-20T17:08:05.660Z] <<< [apiv2][body] GET https://cloudfunctions.googleapis.com/v1/operations/aG9tZS1kYmI3ZS91cy1jZW50cmFsMS9jcmVhdGVEZXZpY2VMb2cvNF9vSTNzcllFQlE {"name":"operations/aG9tZS1kYmI3ZS91cy1jZW50cmFsMS9jcmVhdGVEZXZpY2VMb2cvNF9vSTNzcllFQlE","metadata":{"@type":"type.googleapis.com/google.cloud.functions.v1.OperationMetadataV1","target":"projects/home-dbb7e/locations/us-central1/functions/createDeviceLog","type":"UPDATE_FUNCTION","request":{"@type":"type.googleapis.com/google.cloud.functions.v1.CloudFunction","name":"projects/home-dbb7e/locations/us-central1/functions/createDeviceLog","eventTrigger":{"eventType":"providers/cloud.firestore/eventTypes/document.update","resource":"projects/home-dbb7e/databases/(default)/documents/{maybe}/{somedoc}/sections/{section}/devices/{device}","service":"firestore.googleapis.com"},"status":"ACTIVE","entryPoint":"createDeviceLog","timeout":"60s","availableMemoryMb":256,"serviceAccountEmail":"home-dbb7e@appspot.gserviceaccount.com","updateTime":"2021-11-20T17:05:59.647Z","versionId":"6","labels":{"deployment-tool":"cli-firebase"},"sourceUploadUrl":"https://storage.googleapis.com/gcf-upload-us-central1-492dbe61-814b-497c-93d7-525d42cb2d91/0855d810-f1a8-4428-a5a5-ba9cc9ad5a90.zip?GoogleAccessId=service-858269029086@gcf-admin-robot.iam.gserviceaccount.com&Expires=1637429881&Signature=WmtxodzTMh7W%2F38IQZAQYav6veiLhQeGOq255r9vF%2Fe3aPsTpvg8Y4viNQXnktgR99Q0SUfZlxOWdzDbdO1Exv6hfu1MhKOXk8CdBvJVbBJcvMfLJyWn0o2g2NRmbzrA4ye4NLn5TTuhiI21XfH6O3YvMVBm8UESbbU2%2FSekzYEhZYHyJ8vGzRLsjJUA1rJ5uvtXRM3mE%2FecBwHbbo3aAOg29jHrxwM1OBbv5BU3wXln7B%2Fl4IsFD0j%2Ftutuz2%2B56c46VxoyDC%2F4kSUooCDRjVq1XDK8h%2BY6Ni0YO8KTUoGZH22RRetmdzzT5YHxEzAPzCaA3y3Xo8jSQLUQmuB%2FiQ%3D%3D","environmentVariables":{"FIREBASE_CONFIG":"{\"projectId\":\"home-dbb7e\",\"storageBucket\":\"home-dbb7e.appspot.com\",\"locationId\":\"southamerica-east1\"}","GCLOUD_PROJECT":"home-dbb7e"},"runtime":"nodejs16","ingressSettings":"ALLOW_ALL","buildId":"e1efd02f-787e-457b-b668-69286122303b","buildName":"projects/858269029086/locations/us-central1/builds/e1efd02f-787e-457b-b668-69286122303b"},"versionId":"7","updateTime":"2021-11-20T17:08:03Z","buildId":"ce693c01-c3fb-4dee-ba30-e76203e52491","buildName":"projects/858269029086/locations/us-central1/builds/ce693c01-c3fb-4dee-ba30-e76203e52491"}}
[debug] [2021-11-20T17:08:06.668Z] [update-us-central1-createDeviceLog] Retrying task index 0
[debug] [2021-11-20T17:08:06.669Z] >>> [apiv2][query] GET https://cloudfunctions.googleapis.com/v1/operations/aG9tZS1kYmI3ZS91cy1jZW50cmFsMS9jcmVhdGVEZXZpY2VMb2cvNF9vSTNzcllFQlE [none]
[debug] [2021-11-20T17:08:07.568Z] <<< [apiv2][status] GET https://cloudfunctions.googleapis.com/v1/operations/aG9tZS1kYmI3ZS91cy1jZW50cmFsMS9jcmVhdGVEZXZpY2VMb2cvNF9vSTNzcllFQlE 200
[debug] [2021-11-20T17:08:07.568Z] <<< [apiv2][body] GET https://cloudfunctions.googleapis.com/v1/operations/aG9tZS1kYmI3ZS91cy1jZW50cmFsMS9jcmVhdGVEZXZpY2VMb2cvNF9vSTNzcllFQlE {"name":"operations/aG9tZS1kYmI3ZS91cy1jZW50cmFsMS9jcmVhdGVEZXZpY2VMb2cvNF9vSTNzcllFQlE","metadata":{"@type":"type.googleapis.com/google.cloud.functions.v1.OperationMetadataV1","target":"projects/home-dbb7e/locations/us-central1/functions/createDeviceLog","type":"UPDATE_FUNCTION","request":{"@type":"type.googleapis.com/google.cloud.functions.v1.CloudFunction","name":"projects/home-dbb7e/locations/us-central1/functions/createDeviceLog","eventTrigger":{"eventType":"providers/cloud.firestore/eventTypes/document.update","resource":"projects/home-dbb7e/databases/(default)/documents/{maybe}/{somedoc}/sections/{section}/devices/{device}","service":"firestore.googleapis.com"},"status":"ACTIVE","entryPoint":"createDeviceLog","timeout":"60s","availableMemoryMb":256,"serviceAccountEmail":"home-dbb7e@appspot.gserviceaccount.com","updateTime":"2021-11-20T17:05:59.647Z","versionId":"6","labels":{"deployment-tool":"cli-firebase"},"sourceUploadUrl":"https://storage.googleapis.com/gcf-upload-us-central1-492dbe61-814b-497c-93d7-525d42cb2d91/0855d810-f1a8-4428-a5a5-ba9cc9ad5a90.zip?GoogleAccessId=service-858269029086@gcf-admin-robot.iam.gserviceaccount.com&Expires=1637429881&Signature=WmtxodzTMh7W%2F38IQZAQYav6veiLhQeGOq255r9vF%2Fe3aPsTpvg8Y4viNQXnktgR99Q0SUfZlxOWdzDbdO1Exv6hfu1MhKOXk8CdBvJVbBJcvMfLJyWn0o2g2NRmbzrA4ye4NLn5TTuhiI21XfH6O3YvMVBm8UESbbU2%2FSekzYEhZYHyJ8vGzRLsjJUA1rJ5uvtXRM3mE%2FecBwHbbo3aAOg29jHrxwM1OBbv5BU3wXln7B%2Fl4IsFD0j%2Ftutuz2%2B56c46VxoyDC%2F4kSUooCDRjVq1XDK8h%2BY6Ni0YO8KTUoGZH22RRetmdzzT5YHxEzAPzCaA3y3Xo8jSQLUQmuB%2FiQ%3D%3D","environmentVariables":{"FIREBASE_CONFIG":"{\"projectId\":\"home-dbb7e\",\"storageBucket\":\"home-dbb7e.appspot.com\",\"locationId\":\"southamerica-east1\"}","GCLOUD_PROJECT":"home-dbb7e"},"runtime":"nodejs16","ingressSettings":"ALLOW_ALL","buildId":"e1efd02f-787e-457b-b668-69286122303b","buildName":"projects/858269029086/locations/us-central1/builds/e1efd02f-787e-457b-b668-69286122303b"},"versionId":"7","updateTime":"2021-11-20T17:08:03Z","buildId":"ce693c01-c3fb-4dee-ba30-e76203e52491","buildName":"projects/858269029086/locations/us-central1/builds/ce693c01-c3fb-4dee-ba30-e76203e52491"}}
[debug] [2021-11-20T17:08:09.575Z] [update-us-central1-createDeviceLog] Retrying task index 0
[debug] [2021-11-20T17:08:09.575Z] >>> [apiv2][query] GET https://cloudfunctions.googleapis.com/v1/operations/aG9tZS1kYmI3ZS91cy1jZW50cmFsMS9jcmVhdGVEZXZpY2VMb2cvNF9vSTNzcllFQlE [none]
[debug] [2021-11-20T17:08:10.417Z] <<< [apiv2][status] GET https://cloudfunctions.googleapis.com/v1/operations/aG9tZS1kYmI3ZS91cy1jZW50cmFsMS9jcmVhdGVEZXZpY2VMb2cvNF9vSTNzcllFQlE 200
[debug] [2021-11-20T17:08:10.417Z] <<< [apiv2][body] GET https://cloudfunctions.googleapis.com/v1/operations/aG9tZS1kYmI3ZS91cy1jZW50cmFsMS9jcmVhdGVEZXZpY2VMb2cvNF9vSTNzcllFQlE {"name":"operations/aG9tZS1kYmI3ZS91cy1jZW50cmFsMS9jcmVhdGVEZXZpY2VMb2cvNF9vSTNzcllFQlE","metadata":{"@type":"type.googleapis.com/google.cloud.functions.v1.OperationMetadataV1","target":"projects/home-dbb7e/locations/us-central1/functions/createDeviceLog","type":"UPDATE_FUNCTION","request":{"@type":"type.googleapis.com/google.cloud.functions.v1.CloudFunction","name":"projects/home-dbb7e/locations/us-central1/functions/createDeviceLog","eventTrigger":{"eventType":"providers/cloud.firestore/eventTypes/document.update","resource":"projects/home-dbb7e/databases/(default)/documents/{maybe}/{somedoc}/sections/{section}/devices/{device}","service":"firestore.googleapis.com"},"status":"ACTIVE","entryPoint":"createDeviceLog","timeout":"60s","availableMemoryMb":256,"serviceAccountEmail":"home-dbb7e@appspot.gserviceaccount.com","updateTime":"2021-11-20T17:05:59.647Z","versionId":"6","labels":{"deployment-tool":"cli-firebase"},"sourceUploadUrl":"https://storage.googleapis.com/gcf-upload-us-central1-492dbe61-814b-497c-93d7-525d42cb2d91/0855d810-f1a8-4428-a5a5-ba9cc9ad5a90.zip?GoogleAccessId=service-858269029086@gcf-admin-robot.iam.gserviceaccount.com&Expires=1637429881&Signature=WmtxodzTMh7W%2F38IQZAQYav6veiLhQeGOq255r9vF%2Fe3aPsTpvg8Y4viNQXnktgR99Q0SUfZlxOWdzDbdO1Exv6hfu1MhKOXk8CdBvJVbBJcvMfLJyWn0o2g2NRmbzrA4ye4NLn5TTuhiI21XfH6O3YvMVBm8UESbbU2%2FSekzYEhZYHyJ8vGzRLsjJUA1rJ5uvtXRM3mE%2FecBwHbbo3aAOg29jHrxwM1OBbv5BU3wXln7B%2Fl4IsFD0j%2Ftutuz2%2B56c46VxoyDC%2F4kSUooCDRjVq1XDK8h%2BY6Ni0YO8KTUoGZH22RRetmdzzT5YHxEzAPzCaA3y3Xo8jSQLUQmuB%2FiQ%3D%3D","environmentVariables":{"FIREBASE_CONFIG":"{\"projectId\":\"home-dbb7e\",\"storageBucket\":\"home-dbb7e.appspot.com\",\"locationId\":\"southamerica-east1\"}","GCLOUD_PROJECT":"home-dbb7e"},"runtime":"nodejs16","ingressSettings":"ALLOW_ALL","buildId":"e1efd02f-787e-457b-b668-69286122303b","buildName":"projects/858269029086/locations/us-central1/builds/e1efd02f-787e-457b-b668-69286122303b"},"versionId":"7","updateTime":"2021-11-20T17:08:03Z","buildId":"ce693c01-c3fb-4dee-ba30-e76203e52491","buildName":"projects/858269029086/locations/us-central1/builds/ce693c01-c3fb-4dee-ba30-e76203e52491"}}
[debug] [2021-11-20T17:08:14.429Z] [update-us-central1-createDeviceLog] Retrying task index 0
[debug] [2021-11-20T17:08:14.429Z] >>> [apiv2][query] GET https://cloudfunctions.googleapis.com/v1/operations/aG9tZS1kYmI3ZS91cy1jZW50cmFsMS9jcmVhdGVEZXZpY2VMb2cvNF9vSTNzcllFQlE [none]
[debug] [2021-11-20T17:08:15.266Z] <<< [apiv2][status] GET https://cloudfunctions.googleapis.com/v1/operations/aG9tZS1kYmI3ZS91cy1jZW50cmFsMS9jcmVhdGVEZXZpY2VMb2cvNF9vSTNzcllFQlE 200
[debug] [2021-11-20T17:08:15.266Z] <<< [apiv2][body] GET https://cloudfunctions.googleapis.com/v1/operations/aG9tZS1kYmI3ZS91cy1jZW50cmFsMS9jcmVhdGVEZXZpY2VMb2cvNF9vSTNzcllFQlE {"name":"operations/aG9tZS1kYmI3ZS91cy1jZW50cmFsMS9jcmVhdGVEZXZpY2VMb2cvNF9vSTNzcllFQlE","metadata":{"@type":"type.googleapis.com/google.cloud.functions.v1.OperationMetadataV1","target":"projects/home-dbb7e/locations/us-central1/functions/createDeviceLog","type":"UPDATE_FUNCTION","request":{"@type":"type.googleapis.com/google.cloud.functions.v1.CloudFunction","name":"projects/home-dbb7e/locations/us-central1/functions/createDeviceLog","eventTrigger":{"eventType":"providers/cloud.firestore/eventTypes/document.update","resource":"projects/home-dbb7e/databases/(default)/documents/{maybe}/{somedoc}/sections/{section}/devices/{device}","service":"firestore.googleapis.com"},"status":"ACTIVE","entryPoint":"createDeviceLog","timeout":"60s","availableMemoryMb":256,"serviceAccountEmail":"home-dbb7e@appspot.gserviceaccount.com","updateTime":"2021-11-20T17:05:59.647Z","versionId":"6","labels":{"deployment-tool":"cli-firebase"},"sourceUploadUrl":"https://storage.googleapis.com/gcf-upload-us-central1-492dbe61-814b-497c-93d7-525d42cb2d91/0855d810-f1a8-4428-a5a5-ba9cc9ad5a90.zip?GoogleAccessId=service-858269029086@gcf-admin-robot.iam.gserviceaccount.com&Expires=1637429881&Signature=WmtxodzTMh7W%2F38IQZAQYav6veiLhQeGOq255r9vF%2Fe3aPsTpvg8Y4viNQXnktgR99Q0SUfZlxOWdzDbdO1Exv6hfu1MhKOXk8CdBvJVbBJcvMfLJyWn0o2g2NRmbzrA4ye4NLn5TTuhiI21XfH6O3YvMVBm8UESbbU2%2FSekzYEhZYHyJ8vGzRLsjJUA1rJ5uvtXRM3mE%2FecBwHbbo3aAOg29jHrxwM1OBbv5BU3wXln7B%2Fl4IsFD0j%2Ftutuz2%2B56c46VxoyDC%2F4kSUooCDRjVq1XDK8h%2BY6Ni0YO8KTUoGZH22RRetmdzzT5YHxEzAPzCaA3y3Xo8jSQLUQmuB%2FiQ%3D%3D","environmentVariables":{"FIREBASE_CONFIG":"{\"projectId\":\"home-dbb7e\",\"storageBucket\":\"home-dbb7e.appspot.com\",\"locationId\":\"southamerica-east1\"}","GCLOUD_PROJECT":"home-dbb7e"},"runtime":"nodejs16","ingressSettings":"ALLOW_ALL","buildId":"e1efd02f-787e-457b-b668-69286122303b","buildName":"projects/858269029086/locations/us-central1/builds/e1efd02f-787e-457b-b668-69286122303b"},"versionId":"7","updateTime":"2021-11-20T17:08:03Z","buildId":"ce693c01-c3fb-4dee-ba30-e76203e52491","buildName":"projects/858269029086/locations/us-central1/builds/ce693c01-c3fb-4dee-ba30-e76203e52491"}}
[debug] [2021-11-20T17:08:23.279Z] [update-us-central1-createDeviceLog] Retrying task index 0
[debug] [2021-11-20T17:08:23.279Z] >>> [apiv2][query] GET https://cloudfunctions.googleapis.com/v1/operations/aG9tZS1kYmI3ZS91cy1jZW50cmFsMS9jcmVhdGVEZXZpY2VMb2cvNF9vSTNzcllFQlE [none]
[debug] [2021-11-20T17:08:24.235Z] <<< [apiv2][status] GET https://cloudfunctions.googleapis.com/v1/operations/aG9tZS1kYmI3ZS91cy1jZW50cmFsMS9jcmVhdGVEZXZpY2VMb2cvNF9vSTNzcllFQlE 200
[debug] [2021-11-20T17:08:24.235Z] <<< [apiv2][body] GET https://cloudfunctions.googleapis.com/v1/operations/aG9tZS1kYmI3ZS91cy1jZW50cmFsMS9jcmVhdGVEZXZpY2VMb2cvNF9vSTNzcllFQlE {"name":"operations/aG9tZS1kYmI3ZS91cy1jZW50cmFsMS9jcmVhdGVEZXZpY2VMb2cvNF9vSTNzcllFQlE","metadata":{"@type":"type.googleapis.com/google.cloud.functions.v1.OperationMetadataV1","target":"projects/home-dbb7e/locations/us-central1/functions/createDeviceLog","type":"UPDATE_FUNCTION","request":{"@type":"type.googleapis.com/google.cloud.functions.v1.CloudFunction","name":"projects/home-dbb7e/locations/us-central1/functions/createDeviceLog","eventTrigger":{"eventType":"providers/cloud.firestore/eventTypes/document.update","resource":"projects/home-dbb7e/databases/(default)/documents/{maybe}/{somedoc}/sections/{section}/devices/{device}","service":"firestore.googleapis.com"},"status":"ACTIVE","entryPoint":"createDeviceLog","timeout":"60s","availableMemoryMb":256,"serviceAccountEmail":"home-dbb7e@appspot.gserviceaccount.com","updateTime":"2021-11-20T17:05:59.647Z","versionId":"6","labels":{"deployment-tool":"cli-firebase"},"sourceUploadUrl":"https://storage.googleapis.com/gcf-upload-us-central1-492dbe61-814b-497c-93d7-525d42cb2d91/0855d810-f1a8-4428-a5a5-ba9cc9ad5a90.zip?GoogleAccessId=service-858269029086@gcf-admin-robot.iam.gserviceaccount.com&Expires=1637429881&Signature=WmtxodzTMh7W%2F38IQZAQYav6veiLhQeGOq255r9vF%2Fe3aPsTpvg8Y4viNQXnktgR99Q0SUfZlxOWdzDbdO1Exv6hfu1MhKOXk8CdBvJVbBJcvMfLJyWn0o2g2NRmbzrA4ye4NLn5TTuhiI21XfH6O3YvMVBm8UESbbU2%2FSekzYEhZYHyJ8vGzRLsjJUA1rJ5uvtXRM3mE%2FecBwHbbo3aAOg29jHrxwM1OBbv5BU3wXln7B%2Fl4IsFD0j%2Ftutuz2%2B56c46VxoyDC%2F4kSUooCDRjVq1XDK8h%2BY6Ni0YO8KTUoGZH22RRetmdzzT5YHxEzAPzCaA3y3Xo8jSQLUQmuB%2FiQ%3D%3D","environmentVariables":{"FIREBASE_CONFIG":"{\"projectId\":\"home-dbb7e\",\"storageBucket\":\"home-dbb7e.appspot.com\",\"locationId\":\"southamerica-east1\"}","GCLOUD_PROJECT":"home-dbb7e"},"runtime":"nodejs16","ingressSettings":"ALLOW_ALL","buildId":"e1efd02f-787e-457b-b668-69286122303b","buildName":"projects/858269029086/locations/us-central1/builds/e1efd02f-787e-457b-b668-69286122303b"},"versionId":"7","updateTime":"2021-11-20T17:08:03Z","buildId":"ce693c01-c3fb-4dee-ba30-e76203e52491","buildName":"projects/858269029086/locations/us-central1/builds/ce693c01-c3fb-4dee-ba30-e76203e52491"}}
[debug] [2021-11-20T17:08:34.246Z] [update-us-central1-createDeviceLog] Retrying task index 0
[debug] [2021-11-20T17:08:34.246Z] >>> [apiv2][query] GET https://cloudfunctions.googleapis.com/v1/operations/aG9tZS1kYmI3ZS91cy1jZW50cmFsMS9jcmVhdGVEZXZpY2VMb2cvNF9vSTNzcllFQlE [none]
[debug] [2021-11-20T17:08:35.147Z] <<< [apiv2][status] GET https://cloudfunctions.googleapis.com/v1/operations/aG9tZS1kYmI3ZS91cy1jZW50cmFsMS9jcmVhdGVEZXZpY2VMb2cvNF9vSTNzcllFQlE 200
[debug] [2021-11-20T17:08:35.147Z] <<< [apiv2][body] GET https://cloudfunctions.googleapis.com/v1/operations/aG9tZS1kYmI3ZS91cy1jZW50cmFsMS9jcmVhdGVEZXZpY2VMb2cvNF9vSTNzcllFQlE {"name":"operations/aG9tZS1kYmI3ZS91cy1jZW50cmFsMS9jcmVhdGVEZXZpY2VMb2cvNF9vSTNzcllFQlE","metadata":{"@type":"type.googleapis.com/google.cloud.functions.v1.OperationMetadataV1","target":"projects/home-dbb7e/locations/us-central1/functions/createDeviceLog","type":"UPDATE_FUNCTION","request":{"@type":"type.googleapis.com/google.cloud.functions.v1.CloudFunction","name":"projects/home-dbb7e/locations/us-central1/functions/createDeviceLog","eventTrigger":{"eventType":"providers/cloud.firestore/eventTypes/document.update","resource":"projects/home-dbb7e/databases/(default)/documents/{maybe}/{somedoc}/sections/{section}/devices/{device}","service":"firestore.googleapis.com"},"status":"ACTIVE","entryPoint":"createDeviceLog","timeout":"60s","availableMemoryMb":256,"serviceAccountEmail":"home-dbb7e@appspot.gserviceaccount.com","updateTime":"2021-11-20T17:05:59.647Z","versionId":"6","labels":{"deployment-tool":"cli-firebase"},"sourceUploadUrl":"https://storage.googleapis.com/gcf-upload-us-central1-492dbe61-814b-497c-93d7-525d42cb2d91/0855d810-f1a8-4428-a5a5-ba9cc9ad5a90.zip?GoogleAccessId=service-858269029086@gcf-admin-robot.iam.gserviceaccount.com&Expires=1637429881&Signature=WmtxodzTMh7W%2F38IQZAQYav6veiLhQeGOq255r9vF%2Fe3aPsTpvg8Y4viNQXnktgR99Q0SUfZlxOWdzDbdO1Exv6hfu1MhKOXk8CdBvJVbBJcvMfLJyWn0o2g2NRmbzrA4ye4NLn5TTuhiI21XfH6O3YvMVBm8UESbbU2%2FSekzYEhZYHyJ8vGzRLsjJUA1rJ5uvtXRM3mE%2FecBwHbbo3aAOg29jHrxwM1OBbv5BU3wXln7B%2Fl4IsFD0j%2Ftutuz2%2B56c46VxoyDC%2F4kSUooCDRjVq1XDK8h%2BY6Ni0YO8KTUoGZH22RRetmdzzT5YHxEzAPzCaA3y3Xo8jSQLUQmuB%2FiQ%3D%3D","environmentVariables":{"FIREBASE_CONFIG":"{\"projectId\":\"home-dbb7e\",\"storageBucket\":\"home-dbb7e.appspot.com\",\"locationId\":\"southamerica-east1\"}","GCLOUD_PROJECT":"home-dbb7e"},"runtime":"nodejs16","ingressSettings":"ALLOW_ALL","buildId":"e1efd02f-787e-457b-b668-69286122303b","buildName":"projects/858269029086/locations/us-central1/builds/e1efd02f-787e-457b-b668-69286122303b"},"versionId":"7","updateTime":"2021-11-20T17:08:03Z","buildId":"ce693c01-c3fb-4dee-ba30-e76203e52491","buildName":"projects/858269029086/locations/us-central1/builds/ce693c01-c3fb-4dee-ba30-e76203e52491"}}
[debug] [2021-11-20T17:08:45.154Z] [update-us-central1-createDeviceLog] Retrying task index 0
[debug] [2021-11-20T17:08:45.154Z] >>> [apiv2][query] GET https://cloudfunctions.googleapis.com/v1/operations/aG9tZS1kYmI3ZS91cy1jZW50cmFsMS9jcmVhdGVEZXZpY2VMb2cvNF9vSTNzcllFQlE [none]
[debug] [2021-11-20T17:08:45.919Z] <<< [apiv2][status] GET https://cloudfunctions.googleapis.com/v1/operations/aG9tZS1kYmI3ZS91cy1jZW50cmFsMS9jcmVhdGVEZXZpY2VMb2cvNF9vSTNzcllFQlE 200
[debug] [2021-11-20T17:08:45.920Z] <<< [apiv2][body] GET https://cloudfunctions.googleapis.com/v1/operations/aG9tZS1kYmI3ZS91cy1jZW50cmFsMS9jcmVhdGVEZXZpY2VMb2cvNF9vSTNzcllFQlE {"name":"operations/aG9tZS1kYmI3ZS91cy1jZW50cmFsMS9jcmVhdGVEZXZpY2VMb2cvNF9vSTNzcllFQlE","metadata":{"@type":"type.googleapis.com/google.cloud.functions.v1.OperationMetadataV1","target":"projects/home-dbb7e/locations/us-central1/functions/createDeviceLog","type":"UPDATE_FUNCTION","request":{"@type":"type.googleapis.com/google.cloud.functions.v1.CloudFunction","name":"projects/home-dbb7e/locations/us-central1/functions/createDeviceLog","eventTrigger":{"eventType":"providers/cloud.firestore/eventTypes/document.update","resource":"projects/home-dbb7e/databases/(default)/documents/{maybe}/{somedoc}/sections/{section}/devices/{device}","service":"firestore.googleapis.com"},"status":"ACTIVE","entryPoint":"createDeviceLog","timeout":"60s","availableMemoryMb":256,"serviceAccountEmail":"home-dbb7e@appspot.gserviceaccount.com","updateTime":"2021-11-20T17:05:59.647Z","versionId":"6","labels":{"deployment-tool":"cli-firebase"},"sourceUploadUrl":"https://storage.googleapis.com/gcf-upload-us-central1-492dbe61-814b-497c-93d7-525d42cb2d91/0855d810-f1a8-4428-a5a5-ba9cc9ad5a90.zip?GoogleAccessId=service-858269029086@gcf-admin-robot.iam.gserviceaccount.com&Expires=1637429881&Signature=WmtxodzTMh7W%2F38IQZAQYav6veiLhQeGOq255r9vF%2Fe3aPsTpvg8Y4viNQXnktgR99Q0SUfZlxOWdzDbdO1Exv6hfu1MhKOXk8CdBvJVbBJcvMfLJyWn0o2g2NRmbzrA4ye4NLn5TTuhiI21XfH6O3YvMVBm8UESbbU2%2FSekzYEhZYHyJ8vGzRLsjJUA1rJ5uvtXRM3mE%2FecBwHbbo3aAOg29jHrxwM1OBbv5BU3wXln7B%2Fl4IsFD0j%2Ftutuz2%2B56c46VxoyDC%2F4kSUooCDRjVq1XDK8h%2BY6Ni0YO8KTUoGZH22RRetmdzzT5YHxEzAPzCaA3y3Xo8jSQLUQmuB%2FiQ%3D%3D","environmentVariables":{"FIREBASE_CONFIG":"{\"projectId\":\"home-dbb7e\",\"storageBucket\":\"home-dbb7e.appspot.com\",\"locationId\":\"southamerica-east1\"}","GCLOUD_PROJECT":"home-dbb7e"},"runtime":"nodejs16","ingressSettings":"ALLOW_ALL","buildId":"e1efd02f-787e-457b-b668-69286122303b","buildName":"projects/858269029086/locations/us-central1/builds/e1efd02f-787e-457b-b668-69286122303b"},"versionId":"7","updateTime":"2021-11-20T17:08:03Z","buildId":"ce693c01-c3fb-4dee-ba30-e76203e52491","buildName":"projects/858269029086/locations/us-central1/builds/ce693c01-c3fb-4dee-ba30-e76203e52491"}}
[debug] [2021-11-20T17:08:55.927Z] [update-us-central1-createDeviceLog] Retrying task index 0
[debug] [2021-11-20T17:08:55.928Z] >>> [apiv2][query] GET https://cloudfunctions.googleapis.com/v1/operations/aG9tZS1kYmI3ZS91cy1jZW50cmFsMS9jcmVhdGVEZXZpY2VMb2cvNF9vSTNzcllFQlE [none]
[debug] [2021-11-20T17:08:56.839Z] <<< [apiv2][status] GET https://cloudfunctions.googleapis.com/v1/operations/aG9tZS1kYmI3ZS91cy1jZW50cmFsMS9jcmVhdGVEZXZpY2VMb2cvNF9vSTNzcllFQlE 200
[debug] [2021-11-20T17:08:56.839Z] <<< [apiv2][body] GET https://cloudfunctions.googleapis.com/v1/operations/aG9tZS1kYmI3ZS91cy1jZW50cmFsMS9jcmVhdGVEZXZpY2VMb2cvNF9vSTNzcllFQlE {"name":"operations/aG9tZS1kYmI3ZS91cy1jZW50cmFsMS9jcmVhdGVEZXZpY2VMb2cvNF9vSTNzcllFQlE","metadata":{"@type":"type.googleapis.com/google.cloud.functions.v1.OperationMetadataV1","target":"projects/home-dbb7e/locations/us-central1/functions/createDeviceLog","type":"UPDATE_FUNCTION","request":{"@type":"type.googleapis.com/google.cloud.functions.v1.CloudFunction","name":"projects/home-dbb7e/locations/us-central1/functions/createDeviceLog","eventTrigger":{"eventType":"providers/cloud.firestore/eventTypes/document.update","resource":"projects/home-dbb7e/databases/(default)/documents/{maybe}/{somedoc}/sections/{section}/devices/{device}","service":"firestore.googleapis.com"},"status":"ACTIVE","entryPoint":"createDeviceLog","timeout":"60s","availableMemoryMb":256,"serviceAccountEmail":"home-dbb7e@appspot.gserviceaccount.com","updateTime":"2021-11-20T17:05:59.647Z","versionId":"6","labels":{"deployment-tool":"cli-firebase"},"sourceUploadUrl":"https://storage.googleapis.com/gcf-upload-us-central1-492dbe61-814b-497c-93d7-525d42cb2d91/0855d810-f1a8-4428-a5a5-ba9cc9ad5a90.zip?GoogleAccessId=service-858269029086@gcf-admin-robot.iam.gserviceaccount.com&Expires=1637429881&Signature=WmtxodzTMh7W%2F38IQZAQYav6veiLhQeGOq255r9vF%2Fe3aPsTpvg8Y4viNQXnktgR99Q0SUfZlxOWdzDbdO1Exv6hfu1MhKOXk8CdBvJVbBJcvMfLJyWn0o2g2NRmbzrA4ye4NLn5TTuhiI21XfH6O3YvMVBm8UESbbU2%2FSekzYEhZYHyJ8vGzRLsjJUA1rJ5uvtXRM3mE%2FecBwHbbo3aAOg29jHrxwM1OBbv5BU3wXln7B%2Fl4IsFD0j%2Ftutuz2%2B56c46VxoyDC%2F4kSUooCDRjVq1XDK8h%2BY6Ni0YO8KTUoGZH22RRetmdzzT5YHxEzAPzCaA3y3Xo8jSQLUQmuB%2FiQ%3D%3D","environmentVariables":{"FIREBASE_CONFIG":"{\"projectId\":\"home-dbb7e\",\"storageBucket\":\"home-dbb7e.appspot.com\",\"locationId\":\"southamerica-east1\"}","GCLOUD_PROJECT":"home-dbb7e"},"runtime":"nodejs16","ingressSettings":"ALLOW_ALL","buildId":"e1efd02f-787e-457b-b668-69286122303b","buildName":"projects/858269029086/locations/us-central1/builds/e1efd02f-787e-457b-b668-69286122303b"},"versionId":"7","updateTime":"2021-11-20T17:08:03Z","buildId":"ce693c01-c3fb-4dee-ba30-e76203e52491","buildName":"projects/858269029086/locations/us-central1/builds/ce693c01-c3fb-4dee-ba30-e76203e52491"}}
[debug] [2021-11-20T17:09:06.855Z] [update-us-central1-createDeviceLog] Retrying task index 0
[debug] [2021-11-20T17:09:06.864Z] >>> [apiv2][query] GET https://cloudfunctions.googleapis.com/v1/operations/aG9tZS1kYmI3ZS91cy1jZW50cmFsMS9jcmVhdGVEZXZpY2VMb2cvNF9vSTNzcllFQlE [none]
[debug] [2021-11-20T17:09:07.771Z] <<< [apiv2][status] GET https://cloudfunctions.googleapis.com/v1/operations/aG9tZS1kYmI3ZS91cy1jZW50cmFsMS9jcmVhdGVEZXZpY2VMb2cvNF9vSTNzcllFQlE 200
[debug] [2021-11-20T17:09:07.771Z] <<< [apiv2][body] GET https://cloudfunctions.googleapis.com/v1/operations/aG9tZS1kYmI3ZS91cy1jZW50cmFsMS9jcmVhdGVEZXZpY2VMb2cvNF9vSTNzcllFQlE {"name":"operations/aG9tZS1kYmI3ZS91cy1jZW50cmFsMS9jcmVhdGVEZXZpY2VMb2cvNF9vSTNzcllFQlE","metadata":{"@type":"type.googleapis.com/google.cloud.functions.v1.OperationMetadataV1","target":"projects/home-dbb7e/locations/us-central1/functions/createDeviceLog","type":"UPDATE_FUNCTION","request":{"@type":"type.googleapis.com/google.cloud.functions.v1.CloudFunction","name":"projects/home-dbb7e/locations/us-central1/functions/createDeviceLog","eventTrigger":{"eventType":"providers/cloud.firestore/eventTypes/document.update","resource":"projects/home-dbb7e/databases/(default)/documents/{maybe}/{somedoc}/sections/{section}/devices/{device}","service":"firestore.googleapis.com"},"status":"ACTIVE","entryPoint":"createDeviceLog","timeout":"60s","availableMemoryMb":256,"serviceAccountEmail":"home-dbb7e@appspot.gserviceaccount.com","updateTime":"2021-11-20T17:05:59.647Z","versionId":"6","labels":{"deployment-tool":"cli-firebase"},"sourceUploadUrl":"https://storage.googleapis.com/gcf-upload-us-central1-492dbe61-814b-497c-93d7-525d42cb2d91/0855d810-f1a8-4428-a5a5-ba9cc9ad5a90.zip?GoogleAccessId=service-858269029086@gcf-admin-robot.iam.gserviceaccount.com&Expires=1637429881&Signature=WmtxodzTMh7W%2F38IQZAQYav6veiLhQeGOq255r9vF%2Fe3aPsTpvg8Y4viNQXnktgR99Q0SUfZlxOWdzDbdO1Exv6hfu1MhKOXk8CdBvJVbBJcvMfLJyWn0o2g2NRmbzrA4ye4NLn5TTuhiI21XfH6O3YvMVBm8UESbbU2%2FSekzYEhZYHyJ8vGzRLsjJUA1rJ5uvtXRM3mE%2FecBwHbbo3aAOg29jHrxwM1OBbv5BU3wXln7B%2Fl4IsFD0j%2Ftutuz2%2B56c46VxoyDC%2F4kSUooCDRjVq1XDK8h%2BY6Ni0YO8KTUoGZH22RRetmdzzT5YHxEzAPzCaA3y3Xo8jSQLUQmuB%2FiQ%3D%3D","environmentVariables":{"FIREBASE_CONFIG":"{\"projectId\":\"home-dbb7e\",\"storageBucket\":\"home-dbb7e.appspot.com\",\"locationId\":\"southamerica-east1\"}","GCLOUD_PROJECT":"home-dbb7e"},"runtime":"nodejs16","ingressSettings":"ALLOW_ALL","buildId":"e1efd02f-787e-457b-b668-69286122303b","buildName":"projects/858269029086/locations/us-central1/builds/e1efd02f-787e-457b-b668-69286122303b"},"versionId":"7","updateTime":"2021-11-20T17:08:03Z","buildId":"ce693c01-c3fb-4dee-ba30-e76203e52491","buildName":"projects/858269029086/locations/us-central1/builds/ce693c01-c3fb-4dee-ba30-e76203e52491"}}
[debug] [2021-11-20T17:09:17.782Z] [update-us-central1-createDeviceLog] Retrying task index 0
[debug] [2021-11-20T17:09:17.784Z] >>> [apiv2][query] GET https://cloudfunctions.googleapis.com/v1/operations/aG9tZS1kYmI3ZS91cy1jZW50cmFsMS9jcmVhdGVEZXZpY2VMb2cvNF9vSTNzcllFQlE [none]
[debug] [2021-11-20T17:09:18.696Z] <<< [apiv2][status] GET https://cloudfunctions.googleapis.com/v1/operations/aG9tZS1kYmI3ZS91cy1jZW50cmFsMS9jcmVhdGVEZXZpY2VMb2cvNF9vSTNzcllFQlE 200
[debug] [2021-11-20T17:09:18.697Z] <<< [apiv2][body] GET https://cloudfunctions.googleapis.com/v1/operations/aG9tZS1kYmI3ZS91cy1jZW50cmFsMS9jcmVhdGVEZXZpY2VMb2cvNF9vSTNzcllFQlE {"name":"operations/aG9tZS1kYmI3ZS91cy1jZW50cmFsMS9jcmVhdGVEZXZpY2VMb2cvNF9vSTNzcllFQlE","metadata":{"@type":"type.googleapis.com/google.cloud.functions.v1.OperationMetadataV1","target":"projects/home-dbb7e/locations/us-central1/functions/createDeviceLog","type":"UPDATE_FUNCTION","request":{"@type":"type.googleapis.com/google.cloud.functions.v1.CloudFunction","name":"projects/home-dbb7e/locations/us-central1/functions/createDeviceLog","eventTrigger":{"eventType":"providers/cloud.firestore/eventTypes/document.update","resource":"projects/home-dbb7e/databases/(default)/documents/{maybe}/{somedoc}/sections/{section}/devices/{device}","service":"firestore.googleapis.com"},"status":"ACTIVE","entryPoint":"createDeviceLog","timeout":"60s","availableMemoryMb":256,"serviceAccountEmail":"home-dbb7e@appspot.gserviceaccount.com","updateTime":"2021-11-20T17:05:59.647Z","versionId":"6","labels":{"deployment-tool":"cli-firebase"},"sourceUploadUrl":"https://storage.googleapis.com/gcf-upload-us-central1-492dbe61-814b-497c-93d7-525d42cb2d91/0855d810-f1a8-4428-a5a5-ba9cc9ad5a90.zip?GoogleAccessId=service-858269029086@gcf-admin-robot.iam.gserviceaccount.com&Expires=1637429881&Signature=WmtxodzTMh7W%2F38IQZAQYav6veiLhQeGOq255r9vF%2Fe3aPsTpvg8Y4viNQXnktgR99Q0SUfZlxOWdzDbdO1Exv6hfu1MhKOXk8CdBvJVbBJcvMfLJyWn0o2g2NRmbzrA4ye4NLn5TTuhiI21XfH6O3YvMVBm8UESbbU2%2FSekzYEhZYHyJ8vGzRLsjJUA1rJ5uvtXRM3mE%2FecBwHbbo3aAOg29jHrxwM1OBbv5BU3wXln7B%2Fl4IsFD0j%2Ftutuz2%2B56c46VxoyDC%2F4kSUooCDRjVq1XDK8h%2BY6Ni0YO8KTUoGZH22RRetmdzzT5YHxEzAPzCaA3y3Xo8jSQLUQmuB%2FiQ%3D%3D","environmentVariables":{"FIREBASE_CONFIG":"{\"projectId\":\"home-dbb7e\",\"storageBucket\":\"home-dbb7e.appspot.com\",\"locationId\":\"southamerica-east1\"}","GCLOUD_PROJECT":"home-dbb7e"},"runtime":"nodejs16","ingressSettings":"ALLOW_ALL","buildId":"e1efd02f-787e-457b-b668-69286122303b","buildName":"projects/858269029086/locations/us-central1/builds/e1efd02f-787e-457b-b668-69286122303b"},"versionId":"7","updateTime":"2021-11-20T17:08:03Z","buildId":"ce693c01-c3fb-4dee-ba30-e76203e52491","buildName":"projects/858269029086/locations/us-central1/builds/ce693c01-c3fb-4dee-ba30-e76203e52491"}}
